<?xml version="1.0" encoding="UTF-8"?>
<testsuite name="org.example.ReflectionTest" tests="1" skipped="0" failures="0" errors="0" timestamp="2022-10-01T09:01:19" hostname="MOON-LEGION5I" time="0.054">
  <properties/>
  <testcase name="load()" classname="org.example.ReflectionTest" time="0.054"/>
  <system-out><![CDATA[18:01:19.517 [Test worker] DEBUG org.example.ReflectionTest - clazz : [class org.example.model.User]
18:01:19.523 [Test worker] DEBUG org.example.ReflectionTest - clazz2 : [class org.example.model.User]
18:01:19.523 [Test worker] DEBUG org.example.ReflectionTest - clazz3 : [class org.example.model.User]
]]></system-out>
  <system-err><![CDATA[]]></system-err>
</testsuite>
