<?xml version="1.0" encoding="UTF-8"?>
<testsuite name="org.example.di.BeanFactoryTest" tests="1" skipped="0" failures="0" errors="0" timestamp="2022-10-03T09:42:01" hostname="MOON-LEGION5I" time="0.107">
  <properties/>
  <testcase name="diTest()" classname="org.example.di.BeanFactoryTest" time="0.107"/>
  <system-out><![CDATA[]]></system-out>
  <system-err><![CDATA[SLF4J: Failed to load class "org.slf4j.impl.StaticLoggerBinder".
SLF4J: Defaulting to no-operation (NOP) logger implementation
SLF4J: See http://www.slf4j.org/codes.html#StaticLoggerBinder for further details.
]]></system-err>
</testsuite>
